<?xml version="1.0" encoding="UTF-8"?>
<!-- Generated by org.testng.reporters.JUnitReportReporter -->
<testsuite hostname="DESKTOP-JOF472O" failures="0" tests="3" name="automationjava.testng.testng2" time="0.021" errors="0" timestamp="2026-03-18T18:45:48 IST" skipped="0">
  <testcase classname="automationjava.testng.testng2" name="Test1" time="0.012"/>
  <testcase classname="automationjava.testng.testng2" name="Test3" time="0.006"/>
  <testcase classname="automationjava.testng.testng2" name="Test2" time="0.003"/>
</testsuite> <!-- automationjava.testng.testng2 -->
