<?xml version="1.0" encoding="UTF-8"?>
<!-- Generated by org.testng.reporters.JUnitReportReporter -->
<testsuite hostname="DESKTOP-JOF472O" failures="0" tests="3" name="automationjava.testng.testng5" time="0.492" errors="0" timestamp="2026-03-25T17:45:03 IST" skipped="0">
  <testcase classname="automationjava.testng.testng5" name="logintest" time="0.068"/>
  <testcase classname="automationjava.testng.testng5" name="logintest" time="0.342"/>
  <testcase classname="automationjava.testng.testng5" name="logintest" time="0.082"/>
</testsuite> <!-- automationjava.testng.testng5 -->
