<?xml version="1.0" encoding="UTF-8"?>
<!-- Generated by org.testng.reporters.JUnitReportReporter -->
<testsuite hostname="DESKTOP-JOF472O" failures="0" tests="5" name="automationjava.testng.testng3" time="0.029" errors="0" timestamp="2026-03-18T18:54:35 IST" skipped="0">
  <testcase classname="automationjava.testng.testng3" name="test3" time="0.011"/>
  <testcase classname="automationjava.testng.testng3" name="test4" time="0.003"/>
  <testcase classname="automationjava.testng.testng3" name="test1" time="0.003"/>
  <testcase classname="automationjava.testng.testng3" name="test2" time="0.007"/>
  <testcase classname="automationjava.testng.testng3" name="test5" time="0.005"/>
</testsuite> <!-- automationjava.testng.testng3 -->
