<?xml version="1.0" encoding="UTF-8"?>
<!-- Generated by org.testng.reporters.JUnitReportReporter -->
<testsuite hostname="DESKTOP-JOF472O" failures="0" tests="3" name="automationjava.testng.testng4" time="1.401" errors="0" timestamp="2026-03-25T17:45:48 IST" skipped="0">
  <testcase classname="automationjava.testng.testng4" name="logintest" time="0.446"/>
  <testcase classname="automationjava.testng.testng4" name="logintest" time="0.346"/>
  <testcase classname="automationjava.testng.testng4" name="logintest" time="0.609"/>
</testsuite> <!-- automationjava.testng.testng4 -->
